<?xml version="1.0" encoding="UTF-8"?>
<testng-results skipped="0" failed="0" ignored="0" total="1" passed="1">
  <reporter-output>
  </reporter-output>
  <suite name="Default suite" duration-ms="161" started-at="2020-08-14T05:47:40Z" finished-at="2020-08-14T05:47:40Z">
    <groups>
    </groups>
    <test name="Default test" duration-ms="161" started-at="2020-08-14T05:47:40Z" finished-at="2020-08-14T05:47:40Z">
      <class name="pac.SAmple1">
        <test-method status="PASS" signature="reverse()[pri:0, instance:pac.SAmple1@5d5eef3d]" name="reverse" duration-ms="50" started-at="2020-08-14T11:17:40Z" finished-at="2020-08-14T11:17:40Z">
          <reporter-output>
          </reporter-output>
        </test-method> <!-- reverse -->
      </class> <!-- pac.SAmple1 -->
    </test> <!-- Default test -->
  </suite> <!-- Default suite -->
</testng-results>
